0 info it worked if it ends with ok
1 verbose cli [ 'C:\\Program Files\\nodejs\\node.exe',
1 verbose cli   'C:\\Program Files\\nodejs\\node_modules\\npm\\bin\\npm-cli.js',
1 verbose cli   'run',
1 verbose cli   'dev:h5' ]
2 info using npm@3.8.9
3 info using node@v6.2.0
4 verbose run-script [ 'predev:h5', 'dev:h5', 'postdev:h5' ]
5 info lifecycle oneline-blog-app@1.0.0~predev:h5: oneline-blog-app@1.0.0
6 silly lifecycle oneline-blog-app@1.0.0~predev:h5: no script for predev:h5, continuing
7 info lifecycle oneline-blog-app@1.0.0~dev:h5: oneline-blog-app@1.0.0
8 verbose lifecycle oneline-blog-app@1.0.0~dev:h5: unsafe-perm in lifecycle true
9 verbose lifecycle oneline-blog-app@1.0.0~dev:h5: PATH: C:\nvm\v6.2.0\node_modules\npm\bin\node-gyp-bin;F:\One-Line\oneline-blog-app\node_modules\.bin;C:\Program Files\nodejs;D:\;C:\ProgramData\Oracle\Java\javapath;C:\Program Files\Common Files\Microsoft Shared\Windows Live;C:\Program Files (x86)\NVIDIA Corporation\PhysX\Common;C:\Windows\system32;C:\Windows;C:\Windows\System32\Wbem;C:\Windows\System32\WindowsPowerShell\v1.0\;C:\Program Files\TortoiseSVN\bin;C:\Program Files\Git\bin;C:\nvm;C:\Program Files\nodejs;C:\Program Files\Common Files\Microsoft Shared\Windows Live;C:\Program Files (x86)\OpenVPN\bin;C:\Users\tab\AppData\Roaming\npm;C:\Program Files (x86)\Microsoft VS Code\bin;C:\Users\tab\AppData\Local\Programs\Fiddler;C:\Users\tab\AppData\Local\BypassRuntm;D:\Microsoft VS Code\bin
10 verbose lifecycle oneline-blog-app@1.0.0~dev:h5: CWD: F:\One-Line\oneline-blog-app
11 silly lifecycle oneline-blog-app@1.0.0~dev:h5: Args: [ '/d /s /c', 'npm run build:h5 -- --watch' ]
12 silly lifecycle oneline-blog-app@1.0.0~dev:h5: Returned: code: 1  signal: null
13 info lifecycle oneline-blog-app@1.0.0~dev:h5: Failed to exec dev:h5 script
14 verbose stack Error: oneline-blog-app@1.0.0 dev:h5: `npm run build:h5 -- --watch`
14 verbose stack Exit status 1
14 verbose stack     at EventEmitter.<anonymous> (C:\nvm\v6.2.0\node_modules\npm\lib\utils\lifecycle.js:245:16)
14 verbose stack     at emitTwo (events.js:106:13)
14 verbose stack     at EventEmitter.emit (events.js:191:7)
14 verbose stack     at ChildProcess.<anonymous> (C:\nvm\v6.2.0\node_modules\npm\lib\utils\spawn.js:24:14)
14 verbose stack     at emitTwo (events.js:106:13)
14 verbose stack     at ChildProcess.emit (events.js:191:7)
14 verbose stack     at maybeClose (internal/child_process.js:850:16)
14 verbose stack     at Process.ChildProcess._handle.onexit (internal/child_process.js:215:5)
15 verbose pkgid oneline-blog-app@1.0.0
16 verbose cwd F:\One-Line\oneline-blog-app
17 error Windows_NT 6.1.7601
18 error argv "C:\\Program Files\\nodejs\\node.exe" "C:\\Program Files\\nodejs\\node_modules\\npm\\bin\\npm-cli.js" "run" "dev:h5"
19 error node v6.2.0
20 error npm  v3.8.9
21 error code ELIFECYCLE
22 error oneline-blog-app@1.0.0 dev:h5: `npm run build:h5 -- --watch`
22 error Exit status 1
23 error Failed at the oneline-blog-app@1.0.0 dev:h5 script 'npm run build:h5 -- --watch'.
23 error Make sure you have the latest version of node.js and npm installed.
23 error If you do, this is most likely a problem with the oneline-blog-app package,
23 error not with npm itself.
23 error Tell the author that this fails on your system:
23 error     npm run build:h5 -- --watch
23 error You can get information on how to open an issue for this project with:
23 error     npm bugs oneline-blog-app
23 error Or if that isn't available, you can get their info via:
23 error     npm owner ls oneline-blog-app
23 error There is likely additional logging output above.
24 verbose exit [ 1, true ]
